      0.0000000      0.0000000
   1000.0000000     -0.0010000
   2000.0000000     -0.0010000
   3000.0000000     -0.0006667
   4000.0000000      0.0010000
   5000.0000000      0.0013333
   6000.0000000      0.0013333
   7000.0000000      0.0013333
   8000.0000000      0.0003333
   9000.0000000      0.0003333
  10000.0000000     -0.0003333
  11000.0000000      0.0000000
  12000.0000000      0.0013333
  13000.0000000      0.0030000
  14000.0000000      0.0026667
  15000.0000000      0.0026667
  16000.0000000      0.0020000
  17000.0000000      0.0026667
  18000.0000000      0.0023333
  19000.0000000      0.0013333
  20000.0000000      0.0020000
  21000.0000000      0.0013333
  22000.0000000      0.0020000
  23000.0000000      0.0013333
  24000.0000000      0.0013333
  25000.0000000      0.0013333
  26000.0000000      0.0010000
  27000.0000000      0.0010000
  28000.0000000      0.0006667
  29000.0000000      0.0006667
  30000.0000000      0.0003333
  31000.0000000      0.0000000
  32000.0000000      0.0006667
  33000.0000000      0.0000000
  34000.0000000     -0.0003333
  35000.0000000     -0.0006667
  36000.0000000     -0.0006667
  37000.0000000     -0.0010000
  38000.0000000     -0.0020000
  39000.0000000     -0.0023333
  40000.0000000     -0.0023333
  41000.0000000     -0.0020000
  42000.0000000     -0.0020000
  43000.0000000     -0.0020000
  44000.0000000     -0.0023333
  45000.0000000     -0.0023333
  46000.0000000     -0.0023333
  47000.0000000     -0.0020000
  48000.0000000     -0.0020000
  49000.0000000     -0.0026667
  50000.0000000     -0.0030000
  51000.0000000     -0.0030000
  52000.0000000     -0.0030000
  53000.0000000     -0.0033333
  54000.0000000     -0.0033333
  55000.0000000     -0.0040000
  56000.0000000     -0.0040000
  57000.0000000     -0.0043333
  58000.0000000     -0.0043333
  59000.0000000     -0.0050000
  60000.0000000     -0.0046667
  61000.0000000     -0.0050000
  62000.0000000     -0.0053333
  63000.0000000     -0.0056667
  64000.0000000     -0.0056667
  65000.0000000     -0.0063333
  66000.0000000     -0.0070000
  67000.0000000     -0.0073333
  68000.0000000     -0.0076667
  69000.0000000     -0.0076667
  70000.0000000     -0.0076667
  71000.0000000     -0.0073333
  72000.0000000     -0.0073333
  73000.0000000     -0.0073333
  74000.0000000     -0.0073333
  75000.0000000     -0.0073333
  76000.0000000     -0.0076667
  77000.0000000     -0.0076667
  78000.0000000     -0.0073333
  79000.0000000     -0.0073333
  80000.0000000     -0.0083333
  81000.0000000     -0.0083333
  82000.0000000     -0.0083333
  83000.0000000     -0.0083333
  84000.0000000     -0.0080000
  85000.0000000     -0.0080000
  86000.0000000     -0.0080000
  87000.0000000     -0.0080000
  88000.0000000     -0.0080000
  89000.0000000     -0.0076667
  90000.0000000     -0.0080000
  91000.0000000     -0.0083333
  92000.0000000     -0.0083333
  93000.0000000     -0.0086667
  94000.0000000     -0.0086667
  95000.0000000     -0.0086667
  96000.0000000     -0.0086667
  97000.0000000     -0.0090000
  98000.0000000     -0.0086667
  99000.0000000     -0.0086667
 100000.0000000     -0.0086667
 101000.0000000     -0.0086667
 102000.0000000     -0.0086667
 103000.0000000     -0.0090000
 104000.0000000     -0.0090000
 105000.0000000     -0.0090000
 106000.0000000     -0.0090000
 107000.0000000     -0.0090000
 108000.0000000     -0.0090000
 109000.0000000     -0.0086667
 110000.0000000     -0.0090000
 111000.0000000     -0.0090000
 112000.0000000     -0.0093333
 113000.0000000     -0.0090000
 114000.0000000     -0.0090000
 115000.0000000     -0.0086667
 116000.0000000     -0.0086667
 117000.0000000     -0.0086667
 118000.0000000     -0.0086667
 119000.0000000     -0.0086667
 120000.0000000     -0.0086667
 121000.0000000     -0.0090000
 122000.0000000     -0.0093333
 123000.0000000     -0.0090000
 124000.0000000     -0.0086667
 125000.0000000     -0.0086667
 126000.0000000     -0.0086667
 127000.0000000     -0.0086667
 128000.0000000     -0.0086667
 129000.0000000     -0.0086667
 130000.0000000     -0.0086667
 131000.0000000     -0.0086667
 132000.0000000     -0.0086667
 133000.0000000     -0.0086667
 134000.0000000     -0.0086667
 135000.0000000     -0.0086667
 136000.0000000     -0.0086667
 137000.0000000     -0.0086667
 138000.0000000     -0.0086667
 139000.0000000     -0.0086667
 140000.0000000     -0.0086667
 141000.0000000     -0.0086667
 142000.0000000     -0.0083333
 143000.0000000     -0.0083333
 144000.0000000     -0.0083333
 145000.0000000     -0.0083333
 146000.0000000     -0.0083333
 147000.0000000     -0.0083333
 148000.0000000     -0.0083333
 149000.0000000     -0.0086667
 150000.0000000     -0.0086667
 151000.0000000     -0.0086667
 152000.0000000     -0.0086667
 153000.0000000     -0.0086667
 154000.0000000     -0.0086667
 155000.0000000     -0.0083333
 156000.0000000     -0.0083333
 157000.0000000     -0.0083333
 158000.0000000     -0.0083333
 159000.0000000     -0.0083333
 160000.0000000     -0.0086667
 161000.0000000     -0.0086667
 162000.0000000     -0.0086667
 163000.0000000     -0.0090000
 164000.0000000     -0.0090000
 165000.0000000     -0.0090000
 166000.0000000     -0.0090000
 167000.0000000     -0.0090000
 168000.0000000     -0.0090000
 169000.0000000     -0.0090000
 170000.0000000     -0.0090000
 171000.0000000     -0.0090000
 172000.0000000     -0.0090000
 173000.0000000     -0.0090000
 174000.0000000     -0.0090000
 175000.0000000     -0.0090000
 176000.0000000     -0.0090000
 177000.0000000     -0.0090000
 178000.0000000     -0.0090000
 179000.0000000     -0.0090000
 180000.0000000     -0.0090000
 181000.0000000     -0.0090000
 182000.0000000     -0.0090000
 183000.0000000     -0.0090000
 184000.0000000     -0.0090000
 185000.0000000     -0.0090000
 186000.0000000     -0.0090000
 187000.0000000     -0.0090000
 188000.0000000     -0.0090000
 189000.0000000     -0.0090000
 190000.0000000     -0.0090000
 191000.0000000     -0.0090000
 192000.0000000     -0.0090000
 193000.0000000     -0.0090000
 194000.0000000     -0.0086667
 195000.0000000     -0.0090000
 196000.0000000     -0.0090000
 197000.0000000     -0.0090000
 198000.0000000     -0.0090000
 199000.0000000     -0.0090000
 200000.0000000     -0.0090000
 201000.0000000     -0.0090000
 202000.0000000     -0.0090000
 203000.0000000     -0.0090000
 204000.0000000     -0.0090000
 205000.0000000     -0.0090000
 206000.0000000     -0.0090000
 207000.0000000     -0.0090000
 208000.0000000     -0.0090000
 209000.0000000     -0.0090000
 210000.0000000     -0.0090000
 211000.0000000     -0.0090000
 212000.0000000     -0.0090000
 213000.0000000     -0.0090000
 214000.0000000     -0.0090000
 215000.0000000     -0.0090000
 216000.0000000     -0.0090000
 217000.0000000     -0.0090000
 218000.0000000     -0.0090000
 219000.0000000     -0.0090000
 220000.0000000     -0.0090000
 221000.0000000     -0.0090000
 222000.0000000     -0.0090000
 223000.0000000     -0.0090000
 224000.0000000     -0.0090000
 225000.0000000     -0.0090000
 226000.0000000     -0.0090000
 227000.0000000     -0.0090000
 228000.0000000     -0.0090000
 229000.0000000     -0.0090000
 230000.0000000     -0.0090000
 231000.0000000     -0.0090000
 232000.0000000     -0.0090000
 233000.0000000     -0.0093333
 234000.0000000     -0.0093333
 235000.0000000     -0.0093333
 236000.0000000     -0.0093333
 237000.0000000     -0.0093333
 238000.0000000     -0.0093333
 239000.0000000     -0.0093333
 240000.0000000     -0.0093333
 241000.0000000     -0.0093333
 242000.0000000     -0.0093333
 243000.0000000     -0.0093333
 244000.0000000     -0.0093333
 245000.0000000     -0.0093333
 246000.0000000     -0.0093333
 247000.0000000     -0.0096667
 248000.0000000     -0.0096667
 249000.0000000     -0.0096667
 250000.0000000     -0.0096667
 251000.0000000     -0.0096667
 252000.0000000     -0.0096667
 253000.0000000     -0.0096667
 254000.0000000     -0.0100000
 255000.0000000     -0.0100000
 256000.0000000     -0.0100000
 257000.0000000     -0.0100000
 258000.0000000     -0.0100000
 259000.0000000     -0.0100000
 260000.0000000     -0.0100000
 261000.0000000     -0.0100000
 262000.0000000     -0.0100000
 263000.0000000     -0.0100000
 264000.0000000     -0.0100000
 265000.0000000     -0.0100000
 266000.0000000     -0.0100000
 267000.0000000     -0.0100000
 268000.0000000     -0.0100000
 269000.0000000     -0.0100000
 270000.0000000     -0.0100000
 271000.0000000     -0.0100000
 272000.0000000     -0.0100000
 273000.0000000     -0.0100000
 274000.0000000     -0.0100000
 275000.0000000     -0.0100000
 276000.0000000     -0.0100000
 277000.0000000     -0.0100000
 278000.0000000     -0.0100000
 279000.0000000     -0.0100000
 280000.0000000     -0.0100000
 281000.0000000     -0.0100000
 282000.0000000     -0.0100000
 283000.0000000     -0.0100000
 284000.0000000     -0.0100000
 285000.0000000     -0.0100000
 286000.0000000     -0.0100000
 287000.0000000     -0.0100000
 288000.0000000     -0.0096667
 289000.0000000     -0.0096667
 290000.0000000     -0.0096667
 291000.0000000     -0.0100000
 292000.0000000     -0.0100000
 293000.0000000     -0.0100000
 294000.0000000     -0.0100000
 295000.0000000     -0.0100000
 296000.0000000     -0.0100000
 297000.0000000     -0.0100000
 298000.0000000     -0.0100000
 299000.0000000     -0.0100000
 300000.0000000     -0.0100000
 301000.0000000     -0.0100000
 302000.0000000     -0.0100000
 303000.0000000     -0.0100000
 304000.0000000     -0.0100000
 305000.0000000     -0.0100000
 306000.0000000     -0.0100000
 307000.0000000     -0.0100000
 308000.0000000     -0.0100000
 309000.0000000     -0.0100000
 310000.0000000     -0.0100000
 311000.0000000     -0.0100000
 312000.0000000     -0.0100000
 313000.0000000     -0.0100000
 314000.0000000     -0.0103333
 315000.0000000     -0.0103333
 316000.0000000     -0.0100000
 317000.0000000     -0.0100000
 318000.0000000     -0.0100000
 319000.0000000     -0.0100000
 320000.0000000     -0.0100000
 321000.0000000     -0.0100000
 322000.0000000     -0.0100000
 323000.0000000     -0.0100000
 324000.0000000     -0.0100000
 325000.0000000     -0.0100000
 326000.0000000     -0.0100000
 327000.0000000     -0.0100000
 328000.0000000     -0.0100000
 329000.0000000     -0.0096667
 330000.0000000     -0.0096667
 331000.0000000     -0.0096667
 332000.0000000     -0.0096667
 333000.0000000     -0.0096667
 334000.0000000     -0.0096667
 335000.0000000     -0.0096667
 336000.0000000     -0.0096667
 337000.0000000     -0.0096667
 338000.0000000     -0.0096667
 339000.0000000     -0.0096667
 340000.0000000     -0.0096667
 341000.0000000     -0.0100000
 342000.0000000     -0.0100000
 343000.0000000     -0.0100000
 344000.0000000     -0.0100000
 345000.0000000     -0.0100000
 346000.0000000     -0.0096667
 347000.0000000     -0.0096667
 348000.0000000     -0.0096667
 349000.0000000     -0.0093333
 350000.0000000     -0.0093333
 351000.0000000     -0.0093333
 352000.0000000     -0.0093333
 353000.0000000     -0.0093333
 354000.0000000     -0.0093333
 355000.0000000     -0.0093333
 356000.0000000     -0.0093333
 357000.0000000     -0.0093333
 358000.0000000     -0.0096667
 359000.0000000     -0.0096667
 360000.0000000     -0.0096667
 361000.0000000     -0.0096667
 362000.0000000     -0.0096667
 363000.0000000     -0.0093333
 364000.0000000     -0.0093333
 365000.0000000     -0.0093333
 366000.0000000     -0.0093333
 367000.0000000     -0.0093333
 368000.0000000     -0.0093333
 369000.0000000     -0.0093333
 370000.0000000     -0.0093333
 371000.0000000     -0.0096667
 372000.0000000     -0.0096667
 373000.0000000     -0.0096667
 374000.0000000     -0.0096667
 375000.0000000     -0.0100000
 376000.0000000     -0.0100000
 377000.0000000     -0.0100000
 378000.0000000     -0.0100000
 379000.0000000     -0.0100000
 380000.0000000     -0.0100000
 381000.0000000     -0.0100000
 382000.0000000     -0.0100000
 383000.0000000     -0.0103333
 384000.0000000     -0.0103333
 385000.0000000     -0.0103333
 386000.0000000     -0.0103333
 387000.0000000     -0.0103333
 388000.0000000     -0.0103333
 389000.0000000     -0.0103333
 390000.0000000     -0.0103333
 391000.0000000     -0.0103333
 392000.0000000     -0.0103333
 393000.0000000     -0.0103333
 394000.0000000     -0.0103333
 395000.0000000     -0.0103333
 396000.0000000     -0.0103333
 397000.0000000     -0.0103333
 398000.0000000     -0.0103333
 399000.0000000     -0.0103333
 400000.0000000     -0.0103333
 401000.0000000     -0.0103333
 402000.0000000     -0.0106667
 403000.0000000     -0.0106667
 404000.0000000     -0.0106667
 405000.0000000     -0.0106667
 406000.0000000     -0.0106667
 407000.0000000     -0.0106667
 408000.0000000     -0.0106667
 409000.0000000     -0.0106667
 410000.0000000     -0.0106667
 411000.0000000     -0.0106667
 412000.0000000     -0.0106667
 413000.0000000     -0.0106667
 414000.0000000     -0.0106667
 415000.0000000     -0.0106667
 416000.0000000     -0.0106667
 417000.0000000     -0.0106667
 418000.0000000     -0.0106667
 419000.0000000     -0.0106667
 420000.0000000     -0.0106667
 421000.0000000     -0.0106667
 422000.0000000     -0.0110000
 423000.0000000     -0.0113333
 424000.0000000     -0.0113333
 425000.0000000     -0.0113333
 426000.0000000     -0.0113333
 427000.0000000     -0.0113333
 428000.0000000     -0.0113333
 429000.0000000     -0.0113333
 430000.0000000     -0.0113333
 431000.0000000     -0.0113333
 432000.0000000     -0.0113333
 433000.0000000     -0.0113333
 434000.0000000     -0.0113333
 435000.0000000     -0.0113333
 436000.0000000     -0.0113333
 437000.0000000     -0.0113333
 438000.0000000     -0.0113333
 439000.0000000     -0.0113333
 440000.0000000     -0.0113333
 441000.0000000     -0.0113333
 442000.0000000     -0.0113333
 443000.0000000     -0.0113333
 444000.0000000     -0.0113333
 445000.0000000     -0.0113333
 446000.0000000     -0.0113333
 447000.0000000     -0.0113333
 448000.0000000     -0.0113333
 449000.0000000     -0.0113333
 450000.0000000     -0.0113333
 451000.0000000     -0.0110000
 452000.0000000     -0.0110000
 453000.0000000     -0.0110000
 454000.0000000     -0.0110000
 455000.0000000     -0.0110000
 456000.0000000     -0.0110000
 457000.0000000     -0.0110000
 458000.0000000     -0.0110000
 459000.0000000     -0.0110000
 460000.0000000     -0.0110000
 461000.0000000     -0.0110000
 462000.0000000     -0.0110000
 463000.0000000     -0.0110000
 464000.0000000     -0.0110000
 465000.0000000     -0.0110000
 466000.0000000     -0.0110000
 467000.0000000     -0.0110000
 468000.0000000     -0.0110000
 469000.0000000     -0.0110000
 470000.0000000     -0.0110000
 471000.0000000     -0.0110000
 472000.0000000     -0.0110000
 473000.0000000     -0.0110000
 474000.0000000     -0.0110000
 475000.0000000     -0.0110000
 476000.0000000     -0.0110000
 477000.0000000     -0.0110000
 478000.0000000     -0.0110000
 479000.0000000     -0.0110000
 480000.0000000     -0.0110000
 481000.0000000     -0.0110000
 482000.0000000     -0.0110000
 483000.0000000     -0.0110000
 484000.0000000     -0.0110000
 485000.0000000     -0.0110000
 486000.0000000     -0.0110000
 487000.0000000     -0.0110000
 488000.0000000     -0.0110000
 489000.0000000     -0.0110000
 490000.0000000     -0.0110000
 491000.0000000     -0.0110000
 492000.0000000     -0.0110000
 493000.0000000     -0.0110000
 494000.0000000     -0.0110000
 495000.0000000     -0.0110000
 496000.0000000     -0.0110000
 497000.0000000     -0.0110000
 498000.0000000     -0.0110000
 499000.0000000     -0.0110000
 500000.0000000     -0.0110000
 501000.0000000     -0.0110000
 502000.0000000     -0.0110000
 503000.0000000     -0.0110000
 504000.0000000     -0.0110000
 505000.0000000     -0.0110000
 506000.0000000     -0.0106667
 507000.0000000     -0.0106667
 508000.0000000     -0.0106667
 509000.0000000     -0.0106667
 510000.0000000     -0.0106667
 511000.0000000     -0.0106667
 512000.0000000     -0.0106667
 513000.0000000     -0.0106667
 514000.0000000     -0.0106667
 515000.0000000     -0.0106667
 516000.0000000     -0.0106667
 517000.0000000     -0.0106667
 518000.0000000     -0.0110000
 519000.0000000     -0.0110000
 520000.0000000     -0.0110000
 521000.0000000     -0.0110000
 522000.0000000     -0.0110000
 523000.0000000     -0.0113333
 524000.0000000     -0.0113333
 525000.0000000     -0.0113333
 526000.0000000     -0.0113333
 527000.0000000     -0.0113333
 528000.0000000     -0.0113333
 529000.0000000     -0.0113333
 530000.0000000     -0.0113333
 531000.0000000     -0.0113333
 532000.0000000     -0.0116667
 533000.0000000     -0.0116667
 534000.0000000     -0.0116667
 535000.0000000     -0.0116667
 536000.0000000     -0.0116667
 537000.0000000     -0.0116667
 538000.0000000     -0.0116667
 539000.0000000     -0.0116667
 540000.0000000     -0.0116667
 541000.0000000     -0.0116667
 542000.0000000     -0.0116667
 543000.0000000     -0.0116667
 544000.0000000     -0.0116667
 545000.0000000     -0.0113333
 546000.0000000     -0.0113333
 547000.0000000     -0.0113333
 548000.0000000     -0.0113333
 549000.0000000     -0.0113333
 550000.0000000     -0.0113333
 551000.0000000     -0.0113333
 552000.0000000     -0.0113333
 553000.0000000     -0.0113333
 554000.0000000     -0.0113333
 555000.0000000     -0.0113333
 556000.0000000     -0.0113333
 557000.0000000     -0.0110000
 558000.0000000     -0.0110000
 559000.0000000     -0.0110000
 560000.0000000     -0.0110000
 561000.0000000     -0.0110000
 562000.0000000     -0.0110000
 563000.0000000     -0.0110000
 564000.0000000     -0.0110000
 565000.0000000     -0.0110000
 566000.0000000     -0.0110000
 567000.0000000     -0.0110000
 568000.0000000     -0.0110000
 569000.0000000     -0.0110000
 570000.0000000     -0.0110000
 571000.0000000     -0.0110000
 572000.0000000     -0.0110000
 573000.0000000     -0.0110000
 574000.0000000     -0.0110000
 575000.0000000     -0.0110000
 576000.0000000     -0.0110000
 577000.0000000     -0.0110000
 578000.0000000     -0.0110000
 579000.0000000     -0.0110000
 580000.0000000     -0.0110000
 581000.0000000     -0.0110000
 582000.0000000     -0.0106667
 583000.0000000     -0.0106667
 584000.0000000     -0.0110000
 585000.0000000     -0.0110000
 586000.0000000     -0.0110000
 587000.0000000     -0.0110000
 588000.0000000     -0.0110000
 589000.0000000     -0.0106667
 590000.0000000     -0.0106667
 591000.0000000     -0.0106667
 592000.0000000     -0.0106667
 593000.0000000     -0.0106667
 594000.0000000     -0.0106667
 595000.0000000     -0.0106667
 596000.0000000     -0.0106667
 597000.0000000     -0.0106667
 598000.0000000     -0.0106667
 599000.0000000     -0.0106667
