      0.0000000      0.0000000      1.0000000      0.0000000      1.0000000      0.0000000      0.0000000
   1000.0000000      0.0910000      0.9960000      0.0036667      0.9053333      0.0003333      0.0906667
   2000.0000000      0.1733333      0.9910000      0.0086667      0.8180000      0.0003333      0.1730000
   3000.0000000      0.2423333      0.9866667      0.0120000      0.7456667      0.0013333      0.2410000
   4000.0000000      0.3050000      0.9820000      0.0153333      0.6796667      0.0026667      0.3023333
   5000.0000000      0.3583333      0.9776667      0.0180000      0.6236667      0.0043333      0.3540000
   6000.0000000      0.4083333      0.9736667      0.0206667      0.5710000      0.0056667      0.4026667
   7000.0000000      0.4596667      0.9703333      0.0226667      0.5176667      0.0070000      0.4526667
   8000.0000000      0.5010000      0.9676667      0.0240000      0.4750000      0.0083333      0.4926667
   9000.0000000      0.5423333      0.9663333      0.0236667      0.4340000      0.0100000      0.5323333
  10000.0000000      0.5846667      0.9646667      0.0246667      0.3906667      0.0106667      0.5740000
  11000.0000000      0.6130000      0.9636667      0.0266667      0.3603333      0.0096667      0.6033333
  12000.0000000      0.6436667      0.9610000      0.0286667      0.3276667      0.0103333      0.6333333
  13000.0000000      0.6683333      0.9576667      0.0320000      0.2996667      0.0103333      0.6580000
  14000.0000000      0.6993333      0.9566667      0.0313333      0.2693333      0.0120000      0.6873333
  15000.0000000      0.7240000      0.9566667      0.0303333      0.2456667      0.0130000      0.7110000
  16000.0000000      0.7466667      0.9576667      0.0303333      0.2230000      0.0120000      0.7346667
  17000.0000000      0.7613333      0.9563333      0.0310000      0.2076667      0.0126667      0.7486667
  18000.0000000      0.7806667      0.9560000      0.0300000      0.1893333      0.0140000      0.7666667
  19000.0000000      0.7966667      0.9566667      0.0270000      0.1763333      0.0163333      0.7803333
  20000.0000000      0.8113333      0.9550000      0.0293333      0.1593333      0.0156667      0.7956667
  21000.0000000      0.8236667      0.9566667      0.0276667      0.1486667      0.0156667      0.8080000
  22000.0000000      0.8363333      0.9573333      0.0270000      0.1366667      0.0156667      0.8206667
  23000.0000000      0.8513333      0.9583333      0.0246667      0.1240000      0.0170000      0.8343333
  24000.0000000      0.8596667      0.9583333      0.0250000      0.1153333      0.0166667      0.8430000
  25000.0000000      0.8676667      0.9583333      0.0246667      0.1076667      0.0170000      0.8506667
  26000.0000000      0.8770000      0.9593333      0.0230000      0.1000000      0.0176667      0.8593333
  27000.0000000      0.8853333      0.9600000      0.0226667      0.0920000      0.0173333      0.8680000
  28000.0000000      0.8963333      0.9616667      0.0210000      0.0826667      0.0173333      0.8790000
  29000.0000000      0.9006667      0.9630000      0.0206667      0.0786667      0.0163333      0.8843333
  30000.0000000      0.9056667      0.9640000      0.0196667      0.0746667      0.0163333      0.8893333
  31000.0000000      0.9123333      0.9673333      0.0190000      0.0686667      0.0136667      0.8986667
  32000.0000000      0.9176667      0.9690000      0.0193333      0.0630000      0.0116667      0.9060000
  33000.0000000      0.9230000      0.9700000      0.0196667      0.0573333      0.0103333      0.9126667
  34000.0000000      0.9250000      0.9706667      0.0190000      0.0560000      0.0103333      0.9146667
  35000.0000000      0.9306667      0.9703333      0.0183333      0.0510000      0.0113333      0.9193333
  36000.0000000      0.9346667      0.9703333      0.0170000      0.0483333      0.0126667      0.9220000
  37000.0000000      0.9366667      0.9716667      0.0166667      0.0466667      0.0116667      0.9250000
  38000.0000000      0.9386667      0.9723333      0.0163333      0.0450000      0.0113333      0.9273333
  39000.0000000      0.9413333      0.9723333      0.0156667      0.0430000      0.0120000      0.9293333
  40000.0000000      0.9443333      0.9733333      0.0153333      0.0403333      0.0113333      0.9330000
  41000.0000000      0.9443333      0.9736667      0.0166667      0.0390000      0.0096667      0.9346667
  42000.0000000      0.9480000      0.9740000      0.0163333      0.0356667      0.0096667      0.9383333
  43000.0000000      0.9493333      0.9750000      0.0166667      0.0340000      0.0083333      0.9410000
  44000.0000000      0.9510000      0.9750000      0.0150000      0.0340000      0.0100000      0.9410000
  45000.0000000      0.9530000      0.9756667      0.0146667      0.0323333      0.0096667      0.9433333
  46000.0000000      0.9540000      0.9753333      0.0153333      0.0306667      0.0093333      0.9446667
  47000.0000000      0.9540000      0.9756667      0.0160000      0.0300000      0.0083333      0.9456667
  48000.0000000      0.9540000      0.9763333      0.0163333      0.0296667      0.0073333      0.9466667
  49000.0000000      0.9553333      0.9766667      0.0153333      0.0293333      0.0080000      0.9473333
  50000.0000000      0.9560000      0.9773333      0.0156667      0.0283333      0.0070000      0.9490000
  51000.0000000      0.9603333      0.9776667      0.0156667      0.0240000      0.0066667      0.9536667
  52000.0000000      0.9620000      0.9776667      0.0153333      0.0226667      0.0070000      0.9550000
  53000.0000000      0.9616667      0.9790000      0.0150000      0.0233333      0.0060000      0.9556667
  54000.0000000      0.9626667      0.9796667      0.0146667      0.0226667      0.0056667      0.9570000
  55000.0000000      0.9633333      0.9803333      0.0143333      0.0223333      0.0053333      0.9580000
  56000.0000000      0.9633333      0.9803333      0.0146667      0.0220000      0.0050000      0.9583333
  57000.0000000      0.9643333      0.9810000      0.0133333      0.0223333      0.0056667      0.9586667
  58000.0000000      0.9673333      0.9813333      0.0123333      0.0203333      0.0063333      0.9610000
  59000.0000000      0.9683333      0.9816667      0.0113333      0.0203333      0.0070000      0.9613333
  60000.0000000      0.9690000      0.9823333      0.0116667      0.0193333      0.0060000      0.9630000
  61000.0000000      0.9690000      0.9833333      0.0113333      0.0196667      0.0053333      0.9636667
  62000.0000000      0.9690000      0.9830000      0.0106667      0.0203333      0.0063333      0.9626667
  63000.0000000      0.9690000      0.9830000      0.0106667      0.0203333      0.0063333      0.9626667
  64000.0000000      0.9673333      0.9840000      0.0113333      0.0213333      0.0046667      0.9626667
  65000.0000000      0.9683333      0.9843333      0.0106667      0.0210000      0.0050000      0.9633333
  66000.0000000      0.9710000      0.9856667      0.0100000      0.0190000      0.0043333      0.9666667
  67000.0000000      0.9716667      0.9856667      0.0090000      0.0193333      0.0053333      0.9663333
  68000.0000000      0.9746667      0.9860000      0.0076667      0.0176667      0.0063333      0.9683333
  69000.0000000      0.9763333      0.9863333      0.0076667      0.0160000      0.0060000      0.9703333
  70000.0000000      0.9783333      0.9866667      0.0076667      0.0140000      0.0056667      0.9726667
  71000.0000000      0.9776667      0.9870000      0.0083333      0.0140000      0.0046667      0.9730000
  72000.0000000      0.9760000      0.9880000      0.0083333      0.0156667      0.0036667      0.9723333
  73000.0000000      0.9756667      0.9880000      0.0083333      0.0160000      0.0036667      0.9720000
  74000.0000000      0.9763333      0.9880000      0.0083333      0.0153333      0.0036667      0.9726667
  75000.0000000      0.9776667      0.9886667      0.0076667      0.0146667      0.0036667      0.9740000
  76000.0000000      0.9786667      0.9886667      0.0070000      0.0143333      0.0043333      0.9743333
  77000.0000000      0.9806667      0.9893333      0.0073333      0.0120000      0.0033333      0.9773333
  78000.0000000      0.9796667      0.9893333      0.0076667      0.0126667      0.0030000      0.9766667
  79000.0000000      0.9790000      0.9893333      0.0076667      0.0133333      0.0030000      0.9760000
  80000.0000000      0.9800000      0.9903333      0.0066667      0.0133333      0.0030000      0.9770000
  81000.0000000      0.9806667      0.9910000      0.0063333      0.0130000      0.0026667      0.9780000
  82000.0000000      0.9806667      0.9913333      0.0063333      0.0130000      0.0023333      0.9783333
  83000.0000000      0.9830000      0.9916667      0.0060000      0.0110000      0.0023333      0.9806667
  84000.0000000      0.9830000      0.9916667      0.0056667      0.0113333      0.0026667      0.9803333
  85000.0000000      0.9820000      0.9916667      0.0060000      0.0120000      0.0023333      0.9796667
  86000.0000000      0.9816667      0.9920000      0.0063333      0.0120000      0.0016667      0.9800000
  87000.0000000      0.9820000      0.9920000      0.0060000      0.0120000      0.0020000      0.9800000
  88000.0000000      0.9823333      0.9930000      0.0056667      0.0120000      0.0013333      0.9810000
  89000.0000000      0.9816667      0.9926667      0.0060000      0.0123333      0.0013333      0.9803333
  90000.0000000      0.9813333      0.9930000      0.0046667      0.0140000      0.0023333      0.9790000
  91000.0000000      0.9820000      0.9930000      0.0040000      0.0140000      0.0030000      0.9790000
  92000.0000000      0.9826667      0.9930000      0.0040000      0.0133333      0.0030000      0.9796667
  93000.0000000      0.9833333      0.9933333      0.0043333      0.0123333      0.0023333      0.9810000
  94000.0000000      0.9840000      0.9933333      0.0036667      0.0123333      0.0030000      0.9810000
  95000.0000000      0.9846667      0.9933333      0.0036667      0.0116667      0.0030000      0.9816667
  96000.0000000      0.9863333      0.9933333      0.0033333      0.0103333      0.0033333      0.9830000
  97000.0000000      0.9863333      0.9936667      0.0030000      0.0106667      0.0033333      0.9830000
  98000.0000000      0.9850000      0.9940000      0.0026667      0.0123333      0.0033333      0.9816667
  99000.0000000      0.9833333      0.9946667      0.0026667      0.0140000      0.0026667      0.9806667
 100000.0000000      0.9833333      0.9946667      0.0030000      0.0136667      0.0023333      0.9810000
 101000.0000000      0.9816667      0.9950000      0.0026667      0.0156667      0.0023333      0.9793333
 102000.0000000      0.9813333      0.9950000      0.0023333      0.0163333      0.0026667      0.9786667
 103000.0000000      0.9823333      0.9953333      0.0023333      0.0153333      0.0023333      0.9800000
 104000.0000000      0.9830000      0.9953333      0.0023333      0.0146667      0.0023333      0.9806667
 105000.0000000      0.9826667      0.9956667      0.0023333      0.0150000      0.0020000      0.9806667
 106000.0000000      0.9820000      0.9956667      0.0023333      0.0156667      0.0020000      0.9800000
 107000.0000000      0.9826667      0.9960000      0.0023333      0.0150000      0.0016667      0.9810000
 108000.0000000      0.9810000      0.9960000      0.0023333      0.0166667      0.0016667      0.9793333
 109000.0000000      0.9806667      0.9956667      0.0026667      0.0166667      0.0016667      0.9790000
 110000.0000000      0.9816667      0.9956667      0.0023333      0.0160000      0.0020000      0.9796667
 111000.0000000      0.9813333      0.9953333      0.0026667      0.0160000      0.0020000      0.9793333
 112000.0000000      0.9826667      0.9950000      0.0023333      0.0150000      0.0026667      0.9800000
 113000.0000000      0.9803333      0.9950000      0.0026667      0.0170000      0.0023333      0.9780000
 114000.0000000      0.9823333      0.9953333      0.0026667      0.0150000      0.0020000      0.9803333
 115000.0000000      0.9816667      0.9953333      0.0026667      0.0156667      0.0020000      0.9796667
 116000.0000000      0.9820000      0.9956667      0.0026667      0.0153333      0.0016667      0.9803333
 117000.0000000      0.9816667      0.9956667      0.0026667      0.0156667      0.0016667      0.9800000
 118000.0000000      0.9820000      0.9953333      0.0030000      0.0150000      0.0016667      0.9803333
 119000.0000000      0.9836667      0.9956667      0.0026667      0.0136667      0.0016667      0.9820000
 120000.0000000      0.9853333      0.9960000      0.0026667      0.0120000      0.0013333      0.9840000
 121000.0000000      0.9846667      0.9960000      0.0023333      0.0130000      0.0016667      0.9830000
 122000.0000000      0.9846667      0.9960000      0.0020000      0.0133333      0.0020000      0.9826667
 123000.0000000      0.9840000      0.9960000      0.0023333      0.0136667      0.0016667      0.9823333
 124000.0000000      0.9840000      0.9960000      0.0020000      0.0140000      0.0020000      0.9820000
 125000.0000000      0.9836667      0.9960000      0.0020000      0.0143333      0.0020000      0.9816667
 126000.0000000      0.9836667      0.9963333      0.0020000      0.0143333      0.0016667      0.9820000
 127000.0000000      0.9843333      0.9963333      0.0023333      0.0133333      0.0013333      0.9830000
 128000.0000000      0.9840000      0.9963333      0.0023333      0.0136667      0.0013333      0.9826667
 129000.0000000      0.9833333      0.9963333      0.0023333      0.0143333      0.0013333      0.9820000
 130000.0000000      0.9843333      0.9966667      0.0023333      0.0133333      0.0010000      0.9833333
 131000.0000000      0.9836667      0.9970000      0.0023333      0.0140000      0.0006667      0.9830000
 132000.0000000      0.9846667      0.9966667      0.0026667      0.0126667      0.0006667      0.9840000
 133000.0000000      0.9850000      0.9966667      0.0026667      0.0123333      0.0006667      0.9843333
 134000.0000000      0.9866667      0.9970000      0.0026667      0.0106667      0.0003333      0.9863333
 135000.0000000      0.9850000      0.9970000      0.0026667      0.0123333      0.0003333      0.9846667
 136000.0000000      0.9853333      0.9970000      0.0026667      0.0120000      0.0003333      0.9850000
 137000.0000000      0.9863333      0.9970000      0.0026667      0.0110000      0.0003333      0.9860000
 138000.0000000      0.9873333      0.9966667      0.0030000      0.0096667      0.0003333      0.9870000
 139000.0000000      0.9873333      0.9966667      0.0030000      0.0096667      0.0003333      0.9870000
 140000.0000000      0.9866667      0.9966667      0.0030000      0.0103333      0.0003333      0.9863333
 141000.0000000      0.9860000      0.9966667      0.0023333      0.0116667      0.0010000      0.9850000
 142000.0000000      0.9863333      0.9960000      0.0026667      0.0110000      0.0013333      0.9850000
 143000.0000000      0.9873333      0.9960000      0.0023333      0.0103333      0.0016667      0.9856667
 144000.0000000      0.9860000      0.9963333      0.0023333      0.0116667      0.0013333      0.9846667
 145000.0000000      0.9856667      0.9963333      0.0016667      0.0126667      0.0020000      0.9836667
 146000.0000000      0.9863333      0.9966667      0.0020000      0.0116667      0.0013333      0.9850000
 147000.0000000      0.9863333      0.9966667      0.0016667      0.0120000      0.0016667      0.9846667
 148000.0000000      0.9866667      0.9966667      0.0016667      0.0116667      0.0016667      0.9850000
 149000.0000000      0.9850000      0.9970000      0.0016667      0.0133333      0.0013333      0.9836667
 150000.0000000      0.9850000      0.9973333      0.0016667      0.0133333      0.0010000      0.9840000
 151000.0000000      0.9860000      0.9973333      0.0013333      0.0126667      0.0013333      0.9846667
 152000.0000000      0.9880000      0.9973333      0.0010000      0.0110000      0.0016667      0.9863333
 153000.0000000      0.9873333      0.9973333      0.0010000      0.0116667      0.0016667      0.9856667
 154000.0000000      0.9880000      0.9973333      0.0010000      0.0110000      0.0016667      0.9863333
 155000.0000000      0.9883333      0.9973333      0.0013333      0.0103333      0.0013333      0.9870000
 156000.0000000      0.9893333      0.9973333      0.0013333      0.0093333      0.0013333      0.9880000
 157000.0000000      0.9880000      0.9973333      0.0013333      0.0106667      0.0013333      0.9866667
 158000.0000000      0.9880000      0.9973333      0.0013333      0.0106667      0.0013333      0.9866667
 159000.0000000      0.9870000      0.9973333      0.0013333      0.0116667      0.0013333      0.9856667
 160000.0000000      0.9883333      0.9980000      0.0013333      0.0103333      0.0006667      0.9876667
 161000.0000000      0.9870000      0.9980000      0.0013333      0.0116667      0.0006667      0.9863333
 162000.0000000      0.9866667      0.9983333      0.0013333      0.0120000      0.0003333      0.9863333
 163000.0000000      0.9863333      0.9980000      0.0010000      0.0126667      0.0010000      0.9853333
 164000.0000000      0.9870000      0.9980000      0.0010000      0.0120000      0.0010000      0.9860000
 165000.0000000      0.9863333      0.9980000      0.0006667      0.0130000      0.0013333      0.9850000
 166000.0000000      0.9853333      0.9980000      0.0006667      0.0140000      0.0013333      0.9840000
 167000.0000000      0.9856667      0.9980000      0.0006667      0.0136667      0.0013333      0.9843333
 168000.0000000      0.9850000      0.9980000      0.0006667      0.0143333      0.0013333      0.9836667
 169000.0000000      0.9853333      0.9980000      0.0006667      0.0140000      0.0013333      0.9840000
 170000.0000000      0.9850000      0.9980000      0.0006667      0.0143333      0.0013333      0.9836667
 171000.0000000      0.9840000      0.9983333      0.0006667      0.0153333      0.0010000      0.9830000
 172000.0000000      0.9850000      0.9983333      0.0010000      0.0140000      0.0006667      0.9843333
 173000.0000000      0.9840000      0.9980000      0.0010000      0.0150000      0.0010000      0.9830000
 174000.0000000      0.9843333      0.9980000      0.0010000      0.0146667      0.0010000      0.9833333
 175000.0000000      0.9843333      0.9983333      0.0010000      0.0146667      0.0006667      0.9836667
 176000.0000000      0.9846667      0.9986667      0.0010000      0.0143333      0.0003333      0.9843333
 177000.0000000      0.9843333      0.9986667      0.0010000      0.0146667      0.0003333      0.9840000
 178000.0000000      0.9833333      0.9986667      0.0010000      0.0156667      0.0003333      0.9830000
 179000.0000000      0.9836667      0.9986667      0.0010000      0.0153333      0.0003333      0.9833333
 180000.0000000      0.9833333      0.9986667      0.0010000      0.0156667      0.0003333      0.9830000
 181000.0000000      0.9846667      0.9986667      0.0010000      0.0143333      0.0003333      0.9843333
 182000.0000000      0.9823333      0.9986667      0.0010000      0.0166667      0.0003333      0.9820000
 183000.0000000      0.9836667      0.9986667      0.0010000      0.0153333      0.0003333      0.9833333
 184000.0000000      0.9846667      0.9986667      0.0010000      0.0143333      0.0003333      0.9843333
 185000.0000000      0.9840000      0.9986667      0.0010000      0.0150000      0.0003333      0.9836667
 186000.0000000      0.9840000      0.9983333      0.0013333      0.0146667      0.0003333      0.9836667
 187000.0000000      0.9836667      0.9983333      0.0013333      0.0150000      0.0003333      0.9833333
 188000.0000000      0.9836667      0.9983333      0.0013333      0.0150000      0.0003333      0.9833333
 189000.0000000      0.9850000      0.9983333      0.0013333      0.0136667      0.0003333      0.9846667
 190000.0000000      0.9840000      0.9983333      0.0013333      0.0146667      0.0003333      0.9836667
 191000.0000000      0.9843333      0.9983333      0.0013333      0.0143333      0.0003333      0.9840000
 192000.0000000      0.9843333      0.9983333      0.0013333      0.0143333      0.0003333      0.9840000
 193000.0000000      0.9833333      0.9983333      0.0013333      0.0153333      0.0003333      0.9830000
 194000.0000000      0.9833333      0.9980000      0.0016667      0.0150000      0.0003333      0.9830000
 195000.0000000      0.9836667      0.9976667      0.0016667      0.0146667      0.0006667      0.9830000
 196000.0000000      0.9836667      0.9976667      0.0020000      0.0143333      0.0003333      0.9833333
 197000.0000000      0.9843333      0.9973333      0.0023333      0.0133333      0.0003333      0.9840000
 198000.0000000      0.9820000      0.9973333      0.0023333      0.0156667      0.0003333      0.9816667
 199000.0000000      0.9816667      0.9973333      0.0020000      0.0163333      0.0006667      0.9810000
 200000.0000000      0.9826667      0.9973333      0.0020000      0.0153333      0.0006667      0.9820000
 201000.0000000      0.9840000      0.9976667      0.0020000      0.0140000      0.0003333      0.9836667
 202000.0000000      0.9830000      0.9976667      0.0020000      0.0150000      0.0003333      0.9826667
 203000.0000000      0.9823333      0.9976667      0.0020000      0.0156667      0.0003333      0.9820000
 204000.0000000      0.9810000      0.9976667      0.0020000      0.0170000      0.0003333      0.9806667
 205000.0000000      0.9823333      0.9980000      0.0016667      0.0160000      0.0003333      0.9820000
 206000.0000000      0.9830000      0.9980000      0.0016667      0.0153333      0.0003333      0.9826667
 207000.0000000      0.9833333      0.9980000      0.0013333      0.0153333      0.0006667      0.9826667
 208000.0000000      0.9840000      0.9983333      0.0013333      0.0146667      0.0003333      0.9836667
 209000.0000000      0.9820000      0.9980000      0.0016667      0.0163333      0.0003333      0.9816667
 210000.0000000      0.9813333      0.9980000      0.0016667      0.0170000      0.0003333      0.9810000
 211000.0000000      0.9820000      0.9980000      0.0020000      0.0160000      0.0000000      0.9820000
 212000.0000000      0.9823333      0.9980000      0.0020000      0.0156667      0.0000000      0.9823333
 213000.0000000      0.9843333      0.9980000      0.0016667      0.0140000      0.0003333      0.9840000
 214000.0000000      0.9826667      0.9980000      0.0020000      0.0153333      0.0000000      0.9826667
 215000.0000000      0.9826667      0.9976667      0.0023333      0.0150000      0.0000000      0.9826667
 216000.0000000      0.9836667      0.9976667      0.0023333      0.0140000      0.0000000      0.9836667
 217000.0000000      0.9836667      0.9976667      0.0023333      0.0140000      0.0000000      0.9836667
 218000.0000000      0.9823333      0.9976667      0.0023333      0.0153333      0.0000000      0.9823333
 219000.0000000      0.9813333      0.9976667      0.0020000      0.0166667      0.0003333      0.9810000
 220000.0000000      0.9796667      0.9976667      0.0016667      0.0186667      0.0006667      0.9790000
 221000.0000000      0.9813333      0.9976667      0.0016667      0.0170000      0.0006667      0.9806667
 222000.0000000      0.9823333      0.9976667      0.0016667      0.0160000      0.0006667      0.9816667
 223000.0000000      0.9833333      0.9976667      0.0016667      0.0150000      0.0006667      0.9826667
 224000.0000000      0.9830000      0.9976667      0.0016667      0.0153333      0.0006667      0.9823333
 225000.0000000      0.9833333      0.9976667      0.0013333      0.0153333      0.0010000      0.9823333
 226000.0000000      0.9823333      0.9980000      0.0013333      0.0163333      0.0006667      0.9816667
 227000.0000000      0.9836667      0.9980000      0.0013333      0.0150000      0.0006667      0.9830000
 228000.0000000      0.9836667      0.9980000      0.0013333      0.0150000      0.0006667      0.9830000
 229000.0000000      0.9836667      0.9983333      0.0013333      0.0150000      0.0003333      0.9833333
 230000.0000000      0.9840000      0.9986667      0.0013333      0.0146667      0.0000000      0.9840000
 231000.0000000      0.9846667      0.9986667      0.0013333      0.0140000      0.0000000      0.9846667
 232000.0000000      0.9840000      0.9986667      0.0013333      0.0146667      0.0000000      0.9840000
 233000.0000000      0.9853333      0.9983333      0.0010000      0.0136667      0.0006667      0.9846667
 234000.0000000      0.9843333      0.9983333      0.0010000      0.0146667      0.0006667      0.9836667
 235000.0000000      0.9826667      0.9983333      0.0010000      0.0163333      0.0006667      0.9820000
 236000.0000000      0.9826667      0.9983333      0.0010000      0.0163333      0.0006667      0.9820000
 237000.0000000      0.9823333      0.9983333      0.0010000      0.0166667      0.0006667      0.9816667
 238000.0000000      0.9830000      0.9986667      0.0010000      0.0160000      0.0003333      0.9826667
 239000.0000000      0.9850000      0.9986667      0.0010000      0.0140000      0.0003333      0.9846667
 240000.0000000      0.9860000      0.9990000      0.0010000      0.0130000      0.0000000      0.9860000
 241000.0000000      0.9870000      0.9990000      0.0010000      0.0120000      0.0000000      0.9870000
 242000.0000000      0.9866667      0.9990000      0.0010000      0.0123333      0.0000000      0.9866667
 243000.0000000      0.9853333      0.9990000      0.0010000      0.0136667      0.0000000      0.9853333
 244000.0000000      0.9853333      0.9990000      0.0010000      0.0136667      0.0000000      0.9853333
 245000.0000000      0.9863333      0.9990000      0.0010000      0.0126667      0.0000000      0.9863333
 246000.0000000      0.9870000      0.9990000      0.0010000      0.0120000      0.0000000      0.9870000
 247000.0000000      0.9863333      0.9990000      0.0006667      0.0130000      0.0003333      0.9860000
 248000.0000000      0.9853333      0.9990000      0.0006667      0.0140000      0.0003333      0.9850000
 249000.0000000      0.9850000      0.9990000      0.0006667      0.0143333      0.0003333      0.9846667
 250000.0000000      0.9846667      0.9990000      0.0006667      0.0146667      0.0003333      0.9843333
 251000.0000000      0.9856667      0.9990000      0.0006667      0.0136667      0.0003333      0.9853333
 252000.0000000      0.9856667      0.9993333      0.0006667      0.0136667      0.0000000      0.9856667
 253000.0000000      0.9853333      0.9993333      0.0006667      0.0140000      0.0000000      0.9853333
 254000.0000000      0.9850000      0.9993333      0.0003333      0.0146667      0.0003333      0.9846667
 255000.0000000      0.9856667      0.9993333      0.0000000      0.0143333      0.0006667      0.9850000
 256000.0000000      0.9833333      0.9993333      0.0000000      0.0166667      0.0006667      0.9826667
 257000.0000000      0.9826667      0.9993333      0.0000000      0.0173333      0.0006667      0.9820000
 258000.0000000      0.9830000      0.9993333      0.0003333      0.0166667      0.0003333      0.9826667
 259000.0000000      0.9826667      0.9993333      0.0003333      0.0170000      0.0003333      0.9823333
 260000.0000000      0.9833333      0.9993333      0.0003333      0.0163333      0.0003333      0.9830000
 261000.0000000      0.9833333      0.9996667      0.0003333      0.0163333      0.0000000      0.9833333
 262000.0000000      0.9826667      0.9996667      0.0003333      0.0170000      0.0000000      0.9826667
 263000.0000000      0.9843333      0.9996667      0.0003333      0.0153333      0.0000000      0.9843333
 264000.0000000      0.9850000      0.9996667      0.0003333      0.0146667      0.0000000      0.9850000
 265000.0000000      0.9843333      0.9996667      0.0003333      0.0153333      0.0000000      0.9843333
 266000.0000000      0.9853333      0.9996667      0.0003333      0.0143333      0.0000000      0.9853333
 267000.0000000      0.9853333      0.9996667      0.0003333      0.0143333      0.0000000      0.9853333
 268000.0000000      0.9856667      0.9996667      0.0003333      0.0140000      0.0000000      0.9856667
 269000.0000000      0.9846667      0.9996667      0.0003333      0.0150000      0.0000000      0.9846667
 270000.0000000      0.9876667      0.9996667      0.0003333      0.0120000      0.0000000      0.9876667
 271000.0000000      0.9886667      0.9996667      0.0003333      0.0110000      0.0000000      0.9886667
 272000.0000000      0.9883333      0.9996667      0.0003333      0.0113333      0.0000000      0.9883333
 273000.0000000      0.9880000      0.9996667      0.0003333      0.0116667      0.0000000      0.9880000
 274000.0000000      0.9880000      0.9996667      0.0003333      0.0116667      0.0000000      0.9880000
 275000.0000000      0.9873333      0.9993333      0.0006667      0.0120000      0.0000000      0.9873333
 276000.0000000      0.9863333      0.9993333      0.0006667      0.0130000      0.0000000      0.9863333
 277000.0000000      0.9873333      0.9993333      0.0006667      0.0120000      0.0000000      0.9873333
 278000.0000000      0.9873333      0.9993333      0.0006667      0.0120000      0.0000000      0.9873333
 279000.0000000      0.9890000      0.9990000      0.0010000      0.0100000      0.0000000      0.9890000
 280000.0000000      0.9873333      0.9990000      0.0010000      0.0116667      0.0000000      0.9873333
 281000.0000000      0.9883333      0.9986667      0.0010000      0.0106667      0.0003333      0.9880000
 282000.0000000      0.9886667      0.9986667      0.0010000      0.0103333      0.0003333      0.9883333
 283000.0000000      0.9863333      0.9986667      0.0010000      0.0126667      0.0003333      0.9860000
 284000.0000000      0.9863333      0.9986667      0.0010000      0.0126667      0.0003333      0.9860000
 285000.0000000      0.9856667      0.9986667      0.0010000      0.0133333      0.0003333      0.9853333
 286000.0000000      0.9853333      0.9986667      0.0010000      0.0136667      0.0003333      0.9850000
 287000.0000000      0.9856667      0.9986667      0.0010000      0.0133333      0.0003333      0.9853333
 288000.0000000      0.9860000      0.9983333      0.0013333      0.0126667      0.0003333      0.9856667
 289000.0000000      0.9870000      0.9983333      0.0010000      0.0120000      0.0006667      0.9863333
 290000.0000000      0.9866667      0.9983333      0.0013333      0.0120000      0.0003333      0.9863333
 291000.0000000      0.9866667      0.9983333      0.0010000      0.0123333      0.0006667      0.9860000
 292000.0000000      0.9860000      0.9980000      0.0013333      0.0126667      0.0006667      0.9853333
 293000.0000000      0.9873333      0.9980000      0.0013333      0.0113333      0.0006667      0.9866667
 294000.0000000      0.9873333      0.9980000      0.0013333      0.0113333      0.0006667      0.9866667
 295000.0000000      0.9890000      0.9976667      0.0013333      0.0096667      0.0010000      0.9880000
 296000.0000000      0.9890000      0.9976667      0.0010000      0.0100000      0.0013333      0.9876667
 297000.0000000      0.9883333      0.9976667      0.0010000      0.0106667      0.0013333      0.9870000
 298000.0000000      0.9886667      0.9976667      0.0006667      0.0106667      0.0016667      0.9870000
 299000.0000000      0.9883333      0.9980000      0.0006667      0.0110000      0.0013333      0.9870000
 300000.0000000      0.9880000      0.9980000      0.0006667      0.0113333      0.0013333      0.9866667
 301000.0000000      0.9890000      0.9980000      0.0006667      0.0103333      0.0013333      0.9876667
 302000.0000000      0.9896667      0.9983333      0.0003333      0.0100000      0.0013333      0.9883333
 303000.0000000      0.9900000      0.9976667      0.0010000      0.0090000      0.0013333      0.9886667
 304000.0000000      0.9890000      0.9976667      0.0010000      0.0100000      0.0013333      0.9876667
 305000.0000000      0.9896667      0.9976667      0.0013333      0.0090000      0.0010000      0.9886667
 306000.0000000      0.9893333      0.9976667      0.0010000      0.0096667      0.0013333      0.9880000
 307000.0000000      0.9890000      0.9980000      0.0010000      0.0100000      0.0010000      0.9880000
 308000.0000000      0.9893333      0.9976667      0.0013333      0.0093333      0.0010000      0.9883333
 309000.0000000      0.9876667      0.9973333      0.0013333      0.0110000      0.0013333      0.9863333
 310000.0000000      0.9880000      0.9973333      0.0013333      0.0106667      0.0013333      0.9866667
 311000.0000000      0.9880000      0.9973333      0.0013333      0.0106667      0.0013333      0.9866667
 312000.0000000      0.9883333      0.9973333      0.0013333      0.0103333      0.0013333      0.9870000
 313000.0000000      0.9893333      0.9976667      0.0010000      0.0096667      0.0013333      0.9880000
 314000.0000000      0.9876667      0.9976667      0.0006667      0.0116667      0.0016667      0.9860000
 315000.0000000      0.9866667      0.9980000      0.0010000      0.0123333      0.0010000      0.9856667
 316000.0000000      0.9863333      0.9980000      0.0013333      0.0123333      0.0006667      0.9856667
 317000.0000000      0.9863333      0.9980000      0.0013333      0.0123333      0.0006667      0.9856667
 318000.0000000      0.9866667      0.9976667      0.0016667      0.0116667      0.0006667      0.9860000
 319000.0000000      0.9873333      0.9976667      0.0013333      0.0113333      0.0010000      0.9863333
 320000.0000000      0.9860000      0.9976667      0.0013333      0.0126667      0.0010000      0.9850000
 321000.0000000      0.9866667      0.9983333      0.0010000      0.0123333      0.0006667      0.9860000
 322000.0000000      0.9856667      0.9983333      0.0010000      0.0133333      0.0006667      0.9850000
 323000.0000000      0.9850000      0.9983333      0.0010000      0.0140000      0.0006667      0.9843333
 324000.0000000      0.9830000      0.9983333      0.0006667      0.0163333      0.0010000      0.9820000
 325000.0000000      0.9833333      0.9983333      0.0003333      0.0163333      0.0013333      0.9820000
 326000.0000000      0.9843333      0.9983333      0.0003333      0.0153333      0.0013333      0.9830000
 327000.0000000      0.9846667      0.9983333      0.0006667      0.0146667      0.0010000      0.9836667
 328000.0000000      0.9866667      0.9986667      0.0006667      0.0126667      0.0006667      0.9860000
 329000.0000000      0.9883333      0.9986667      0.0010000      0.0106667      0.0003333      0.9880000
 330000.0000000      0.9880000      0.9990000      0.0010000      0.0110000      0.0000000      0.9880000
 331000.0000000      0.9870000      0.9990000      0.0010000      0.0120000      0.0000000      0.9870000
 332000.0000000      0.9870000      0.9990000      0.0010000      0.0120000      0.0000000      0.9870000
 333000.0000000      0.9860000      0.9990000      0.0010000      0.0130000      0.0000000      0.9860000
 334000.0000000      0.9870000      0.9990000      0.0010000      0.0120000      0.0000000      0.9870000
 335000.0000000      0.9863333      0.9990000      0.0010000      0.0126667      0.0000000      0.9863333
 336000.0000000      0.9853333      0.9990000      0.0006667      0.0140000      0.0003333      0.9850000
 337000.0000000      0.9856667      0.9990000      0.0006667      0.0136667      0.0003333      0.9853333
 338000.0000000      0.9873333      0.9990000      0.0006667      0.0120000      0.0003333      0.9870000
 339000.0000000      0.9866667      0.9990000      0.0006667      0.0126667      0.0003333      0.9863333
 340000.0000000      0.9866667      0.9990000      0.0006667      0.0126667      0.0003333      0.9863333
 341000.0000000      0.9860000      0.9990000      0.0006667      0.0133333      0.0003333      0.9856667
 342000.0000000      0.9863333      0.9990000      0.0006667      0.0130000      0.0003333      0.9860000
 343000.0000000      0.9856667      0.9990000      0.0006667      0.0136667      0.0003333      0.9853333
 344000.0000000      0.9843333      0.9990000      0.0006667      0.0150000      0.0003333      0.9840000
 345000.0000000      0.9836667      0.9990000      0.0006667      0.0156667      0.0003333      0.9833333
 346000.0000000      0.9830000      0.9990000      0.0010000      0.0160000      0.0000000      0.9830000
 347000.0000000      0.9846667      0.9990000      0.0010000      0.0143333      0.0000000      0.9846667
 348000.0000000      0.9850000      0.9990000      0.0010000      0.0140000      0.0000000      0.9850000
 349000.0000000      0.9853333      0.9986667      0.0013333      0.0133333      0.0000000      0.9853333
 350000.0000000      0.9856667      0.9986667      0.0013333      0.0130000      0.0000000      0.9856667
 351000.0000000      0.9850000      0.9986667      0.0013333      0.0136667      0.0000000      0.9850000
 352000.0000000      0.9850000      0.9986667      0.0013333      0.0136667      0.0000000      0.9850000
 353000.0000000      0.9850000      0.9986667      0.0013333      0.0136667      0.0000000      0.9850000
 354000.0000000      0.9843333      0.9986667      0.0013333      0.0143333      0.0000000      0.9843333
 355000.0000000      0.9840000      0.9986667      0.0013333      0.0146667      0.0000000      0.9840000
 356000.0000000      0.9843333      0.9986667      0.0013333      0.0143333      0.0000000      0.9843333
 357000.0000000      0.9840000      0.9983333      0.0016667      0.0143333      0.0000000      0.9840000
 358000.0000000      0.9853333      0.9983333      0.0013333      0.0133333      0.0003333      0.9850000
 359000.0000000      0.9863333      0.9983333      0.0013333      0.0123333      0.0003333      0.9860000
 360000.0000000      0.9863333      0.9983333      0.0013333      0.0123333      0.0003333      0.9860000
 361000.0000000      0.9870000      0.9980000      0.0016667      0.0113333      0.0003333      0.9866667
 362000.0000000      0.9870000      0.9983333      0.0013333      0.0116667      0.0003333      0.9866667
 363000.0000000      0.9880000      0.9983333      0.0016667      0.0103333      0.0000000      0.9880000
 364000.0000000      0.9880000      0.9983333      0.0016667      0.0103333      0.0000000      0.9880000
 365000.0000000      0.9900000      0.9983333      0.0013333      0.0086667      0.0003333      0.9896667
 366000.0000000      0.9893333      0.9983333      0.0013333      0.0093333      0.0003333      0.9890000
 367000.0000000      0.9883333      0.9983333      0.0010000      0.0106667      0.0006667      0.9876667
 368000.0000000      0.9880000      0.9986667      0.0006667      0.0113333      0.0006667      0.9873333
 369000.0000000      0.9883333      0.9983333      0.0010000      0.0106667      0.0006667      0.9876667
 370000.0000000      0.9900000      0.9983333      0.0010000      0.0090000      0.0006667      0.9893333
 371000.0000000      0.9896667      0.9983333      0.0006667      0.0096667      0.0010000      0.9886667
 372000.0000000      0.9900000      0.9983333      0.0010000      0.0090000      0.0006667      0.9893333
 373000.0000000      0.9903333      0.9983333      0.0010000      0.0086667      0.0006667      0.9896667
 374000.0000000      0.9906667      0.9983333      0.0010000      0.0083333      0.0006667      0.9900000
 375000.0000000      0.9903333      0.9983333      0.0013333      0.0083333      0.0003333      0.9900000
 376000.0000000      0.9913333      0.9983333      0.0013333      0.0073333      0.0003333      0.9910000
 377000.0000000      0.9896667      0.9983333      0.0013333      0.0090000      0.0003333      0.9893333
 378000.0000000      0.9896667      0.9980000      0.0016667      0.0086667      0.0003333      0.9893333
 379000.0000000      0.9903333      0.9983333      0.0016667      0.0080000      0.0000000      0.9903333
 380000.0000000      0.9890000      0.9983333      0.0013333      0.0096667      0.0003333      0.9886667
 381000.0000000      0.9890000      0.9983333      0.0010000      0.0100000      0.0006667      0.9883333
 382000.0000000      0.9886667      0.9983333      0.0010000      0.0103333      0.0006667      0.9880000
 383000.0000000      0.9896667      0.9980000      0.0006667      0.0096667      0.0013333      0.9883333
 384000.0000000      0.9883333      0.9980000      0.0006667      0.0110000      0.0013333      0.9870000
 385000.0000000      0.9876667      0.9980000      0.0006667      0.0116667      0.0013333      0.9863333
 386000.0000000      0.9896667      0.9976667      0.0010000      0.0093333      0.0013333      0.9883333
 387000.0000000      0.9900000      0.9973333      0.0013333      0.0086667      0.0013333      0.9886667
 388000.0000000      0.9900000      0.9976667      0.0010000      0.0090000      0.0013333      0.9886667
 389000.0000000      0.9903333      0.9976667      0.0006667      0.0090000      0.0016667      0.9886667
 390000.0000000      0.9893333      0.9980000      0.0010000      0.0096667      0.0010000      0.9883333
 391000.0000000      0.9903333      0.9980000      0.0006667      0.0090000      0.0013333      0.9890000
 392000.0000000      0.9916667      0.9976667      0.0010000      0.0073333      0.0013333      0.9903333
 393000.0000000      0.9916667      0.9980000      0.0010000      0.0073333      0.0010000      0.9906667
 394000.0000000      0.9920000      0.9980000      0.0010000      0.0070000      0.0010000      0.9910000
 395000.0000000      0.9916667      0.9980000      0.0006667      0.0076667      0.0013333      0.9903333
 396000.0000000      0.9920000      0.9980000      0.0006667      0.0073333      0.0013333      0.9906667
 397000.0000000      0.9913333      0.9980000      0.0006667      0.0080000      0.0013333      0.9900000
 398000.0000000      0.9913333      0.9983333      0.0006667      0.0080000      0.0010000      0.9903333
 399000.0000000      0.9920000      0.9980000      0.0010000      0.0070000      0.0010000      0.9910000
 400000.0000000      0.9896667      0.9983333      0.0006667      0.0096667      0.0010000      0.9886667
 401000.0000000      0.9906667      0.9983333      0.0006667      0.0086667      0.0010000      0.9896667
 402000.0000000      0.9906667      0.9983333      0.0003333      0.0090000      0.0013333      0.9893333
 403000.0000000      0.9913333      0.9983333      0.0003333      0.0083333      0.0013333      0.9900000
 404000.0000000      0.9910000      0.9990000      0.0003333      0.0086667      0.0006667      0.9903333
 405000.0000000      0.9900000      0.9993333      0.0003333      0.0096667      0.0003333      0.9896667
 406000.0000000      0.9906667      0.9993333      0.0003333      0.0090000      0.0003333      0.9903333
 407000.0000000      0.9903333      0.9993333      0.0003333      0.0093333      0.0003333      0.9900000
 408000.0000000      0.9886667      0.9993333      0.0003333      0.0110000      0.0003333      0.9883333
 409000.0000000      0.9893333      0.9993333      0.0003333      0.0103333      0.0003333      0.9890000
 410000.0000000      0.9896667      0.9996667      0.0003333      0.0100000      0.0000000      0.9896667
 411000.0000000      0.9900000      0.9996667      0.0003333      0.0096667      0.0000000      0.9900000
 412000.0000000      0.9896667      0.9996667      0.0003333      0.0100000      0.0000000      0.9896667
 413000.0000000      0.9893333      0.9993333      0.0006667      0.0100000      0.0000000      0.9893333
 414000.0000000      0.9896667      0.9990000      0.0010000      0.0093333      0.0000000      0.9896667
 415000.0000000      0.9906667      0.9990000      0.0010000      0.0083333      0.0000000      0.9906667
 416000.0000000      0.9903333      0.9986667      0.0013333      0.0083333      0.0000000      0.9903333
 417000.0000000      0.9903333      0.9986667      0.0013333      0.0083333      0.0000000      0.9903333
 418000.0000000      0.9890000      0.9986667      0.0013333      0.0096667      0.0000000      0.9890000
 419000.0000000      0.9896667      0.9986667      0.0013333      0.0090000      0.0000000      0.9896667
 420000.0000000      0.9893333      0.9986667      0.0013333      0.0093333      0.0000000      0.9893333
 421000.0000000      0.9886667      0.9983333      0.0016667      0.0096667      0.0000000      0.9886667
 422000.0000000      0.9873333      0.9983333      0.0013333      0.0113333      0.0003333      0.9870000
 423000.0000000      0.9886667      0.9983333      0.0010000      0.0103333      0.0006667      0.9880000
 424000.0000000      0.9896667      0.9986667      0.0006667      0.0096667      0.0006667      0.9890000
 425000.0000000      0.9910000      0.9986667      0.0006667      0.0083333      0.0006667      0.9903333
 426000.0000000      0.9900000      0.9983333      0.0010000      0.0090000      0.0006667      0.9893333
 427000.0000000      0.9920000      0.9983333      0.0006667      0.0073333      0.0010000      0.9910000
 428000.0000000      0.9906667      0.9983333      0.0006667      0.0086667      0.0010000      0.9896667
 429000.0000000      0.9890000      0.9983333      0.0006667      0.0103333      0.0010000      0.9880000
 430000.0000000      0.9873333      0.9986667      0.0006667      0.0120000      0.0006667      0.9866667
 431000.0000000      0.9876667      0.9990000      0.0006667      0.0116667      0.0003333      0.9873333
 432000.0000000      0.9876667      0.9990000      0.0006667      0.0116667      0.0003333      0.9873333
 433000.0000000      0.9863333      0.9990000      0.0003333      0.0133333      0.0006667      0.9856667
 434000.0000000      0.9863333      0.9990000      0.0003333      0.0133333      0.0006667      0.9856667
 435000.0000000      0.9850000      0.9990000      0.0006667      0.0143333      0.0003333      0.9846667
 436000.0000000      0.9840000      0.9990000      0.0006667      0.0153333      0.0003333      0.9836667
 437000.0000000      0.9836667      0.9993333      0.0006667      0.0156667      0.0000000      0.9836667
 438000.0000000      0.9846667      0.9993333      0.0006667      0.0146667      0.0000000      0.9846667
 439000.0000000      0.9856667      0.9993333      0.0006667      0.0136667      0.0000000      0.9856667
 440000.0000000      0.9856667      0.9993333      0.0006667      0.0136667      0.0000000      0.9856667
 441000.0000000      0.9856667      0.9993333      0.0006667      0.0136667      0.0000000      0.9856667
 442000.0000000      0.9866667      0.9993333      0.0006667      0.0126667      0.0000000      0.9866667
 443000.0000000      0.9863333      0.9986667      0.0010000      0.0126667      0.0003333      0.9860000
 444000.0000000      0.9866667      0.9986667      0.0010000      0.0123333      0.0003333      0.9863333
 445000.0000000      0.9870000      0.9986667      0.0010000      0.0120000      0.0003333      0.9866667
 446000.0000000      0.9860000      0.9986667      0.0010000      0.0130000      0.0003333      0.9856667
 447000.0000000      0.9863333      0.9990000      0.0010000      0.0126667      0.0000000      0.9863333
 448000.0000000      0.9853333      0.9990000      0.0010000      0.0136667      0.0000000      0.9853333
 449000.0000000      0.9853333      0.9986667      0.0013333      0.0133333      0.0000000      0.9853333
 450000.0000000      0.9856667      0.9986667      0.0013333      0.0130000      0.0000000      0.9856667
 451000.0000000      0.9850000      0.9983333      0.0016667      0.0133333      0.0000000      0.9850000
 452000.0000000      0.9846667      0.9980000      0.0020000      0.0133333      0.0000000      0.9846667
 453000.0000000      0.9846667      0.9980000      0.0020000      0.0133333      0.0000000      0.9846667
 454000.0000000      0.9853333      0.9976667      0.0020000      0.0126667      0.0003333      0.9850000
 455000.0000000      0.9860000      0.9976667      0.0020000      0.0120000      0.0003333      0.9856667
 456000.0000000      0.9873333      0.9976667      0.0020000      0.0106667      0.0003333      0.9870000
 457000.0000000      0.9883333      0.9980000      0.0020000      0.0096667      0.0000000      0.9883333
 458000.0000000      0.9876667      0.9980000      0.0020000      0.0103333      0.0000000      0.9876667
 459000.0000000      0.9883333      0.9980000      0.0016667      0.0100000      0.0003333      0.9880000
 460000.0000000      0.9880000      0.9980000      0.0016667      0.0103333      0.0003333      0.9876667
 461000.0000000      0.9883333      0.9980000      0.0013333      0.0103333      0.0006667      0.9876667
 462000.0000000      0.9896667      0.9980000      0.0013333      0.0090000      0.0006667      0.9890000
 463000.0000000      0.9916667      0.9980000      0.0013333      0.0070000      0.0006667      0.9910000
 464000.0000000      0.9906667      0.9980000      0.0013333      0.0080000      0.0006667      0.9900000
 465000.0000000      0.9916667      0.9976667      0.0016667      0.0066667      0.0006667      0.9910000
 466000.0000000      0.9916667      0.9976667      0.0013333      0.0070000      0.0010000      0.9906667
 467000.0000000      0.9920000      0.9976667      0.0013333      0.0066667      0.0010000      0.9910000
 468000.0000000      0.9916667      0.9976667      0.0013333      0.0070000      0.0010000      0.9906667
 469000.0000000      0.9906667      0.9976667      0.0013333      0.0080000      0.0010000      0.9896667
 470000.0000000      0.9900000      0.9976667      0.0010000      0.0090000      0.0013333      0.9886667
 471000.0000000      0.9896667      0.9976667      0.0010000      0.0093333      0.0013333      0.9883333
 472000.0000000      0.9896667      0.9976667      0.0010000      0.0093333      0.0013333      0.9883333
 473000.0000000      0.9893333      0.9976667      0.0010000      0.0096667      0.0013333      0.9880000
 474000.0000000      0.9900000      0.9976667      0.0010000      0.0090000      0.0013333      0.9886667
 475000.0000000      0.9896667      0.9976667      0.0010000      0.0093333      0.0013333      0.9883333
 476000.0000000      0.9896667      0.9976667      0.0010000      0.0093333      0.0013333      0.9883333
 477000.0000000      0.9886667      0.9983333      0.0006667      0.0106667      0.0010000      0.9876667
 478000.0000000      0.9880000      0.9983333      0.0006667      0.0113333      0.0010000      0.9870000
 479000.0000000      0.9873333      0.9986667      0.0006667      0.0120000      0.0006667      0.9866667
 480000.0000000      0.9873333      0.9983333      0.0010000      0.0116667      0.0006667      0.9866667
 481000.0000000      0.9873333      0.9986667      0.0006667      0.0120000      0.0006667      0.9866667
 482000.0000000      0.9863333      0.9990000      0.0006667      0.0130000      0.0003333      0.9860000
 483000.0000000      0.9863333      0.9990000      0.0003333      0.0133333      0.0006667      0.9856667
 484000.0000000      0.9870000      0.9993333      0.0003333      0.0126667      0.0003333      0.9866667
 485000.0000000      0.9883333      0.9993333      0.0003333      0.0113333      0.0003333      0.9880000
 486000.0000000      0.9910000      0.9993333      0.0003333      0.0086667      0.0003333      0.9906667
 487000.0000000      0.9906667      0.9993333      0.0003333      0.0090000      0.0003333      0.9903333
 488000.0000000      0.9893333      0.9993333      0.0003333      0.0103333      0.0003333      0.9890000
 489000.0000000      0.9903333      0.9990000      0.0006667      0.0090000      0.0003333      0.9900000
 490000.0000000      0.9906667      0.9993333      0.0006667      0.0086667      0.0000000      0.9906667
 491000.0000000      0.9910000      0.9986667      0.0010000      0.0080000      0.0003333      0.9906667
 492000.0000000      0.9906667      0.9986667      0.0010000      0.0083333      0.0003333      0.9903333
 493000.0000000      0.9896667      0.9986667      0.0010000      0.0093333      0.0003333      0.9893333
 494000.0000000      0.9903333      0.9986667      0.0010000      0.0086667      0.0003333      0.9900000
 495000.0000000      0.9906667      0.9980000      0.0016667      0.0076667      0.0003333      0.9903333
 496000.0000000      0.9916667      0.9980000      0.0016667      0.0066667      0.0003333      0.9913333
 497000.0000000      0.9916667      0.9980000      0.0016667      0.0066667      0.0003333      0.9913333
 498000.0000000      0.9916667      0.9980000      0.0016667      0.0066667      0.0003333      0.9913333
 499000.0000000      0.9913333      0.9980000      0.0013333      0.0073333      0.0006667      0.9906667
 500000.0000000      0.9910000      0.9980000      0.0013333      0.0076667      0.0006667      0.9903333
 501000.0000000      0.9886667      0.9983333      0.0013333      0.0100000      0.0003333      0.9883333
 502000.0000000      0.9890000      0.9983333      0.0013333      0.0096667      0.0003333      0.9886667
 503000.0000000      0.9886667      0.9980000      0.0016667      0.0096667      0.0003333      0.9883333
 504000.0000000      0.9873333      0.9980000      0.0013333      0.0113333      0.0006667      0.9866667
 505000.0000000      0.9863333      0.9980000      0.0013333      0.0123333      0.0006667      0.9856667
 506000.0000000      0.9863333      0.9980000      0.0016667      0.0120000      0.0003333      0.9860000
 507000.0000000      0.9853333      0.9976667      0.0020000      0.0126667      0.0003333      0.9850000
 508000.0000000      0.9846667      0.9976667      0.0020000      0.0133333      0.0003333      0.9843333
 509000.0000000      0.9843333      0.9976667      0.0020000      0.0136667      0.0003333      0.9840000
 510000.0000000      0.9853333      0.9976667      0.0016667      0.0130000      0.0006667      0.9846667
 511000.0000000      0.9863333      0.9976667      0.0016667      0.0120000      0.0006667      0.9856667
 512000.0000000      0.9866667      0.9976667      0.0016667      0.0116667      0.0006667      0.9860000
 513000.0000000      0.9863333      0.9980000      0.0016667      0.0120000      0.0003333      0.9860000
 514000.0000000      0.9863333      0.9980000      0.0016667      0.0120000      0.0003333      0.9860000
 515000.0000000      0.9866667      0.9980000      0.0013333      0.0120000      0.0006667      0.9860000
 516000.0000000      0.9873333      0.9980000      0.0013333      0.0113333      0.0006667      0.9866667
 517000.0000000      0.9860000      0.9980000      0.0013333      0.0126667      0.0006667      0.9853333
 518000.0000000      0.9870000      0.9980000      0.0010000      0.0120000      0.0010000      0.9860000
 519000.0000000      0.9876667      0.9980000      0.0010000      0.0113333      0.0010000      0.9866667
 520000.0000000      0.9866667      0.9980000      0.0010000      0.0123333      0.0010000      0.9856667
 521000.0000000      0.9870000      0.9980000      0.0010000      0.0120000      0.0010000      0.9860000
 522000.0000000      0.9870000      0.9980000      0.0010000      0.0120000      0.0010000      0.9860000
 523000.0000000      0.9863333      0.9976667      0.0010000      0.0126667      0.0013333      0.9850000
 524000.0000000      0.9863333      0.9976667      0.0010000      0.0126667      0.0013333      0.9850000
 525000.0000000      0.9853333      0.9976667      0.0010000      0.0136667      0.0013333      0.9840000
 526000.0000000      0.9860000      0.9976667      0.0010000      0.0130000      0.0013333      0.9846667
 527000.0000000      0.9850000      0.9976667      0.0010000      0.0140000      0.0013333      0.9836667
 528000.0000000      0.9863333      0.9976667      0.0010000      0.0126667      0.0013333      0.9850000
 529000.0000000      0.9853333      0.9976667      0.0010000      0.0136667      0.0013333      0.9840000
 530000.0000000      0.9860000      0.9976667      0.0010000      0.0130000      0.0013333      0.9846667
 531000.0000000      0.9860000      0.9976667      0.0013333      0.0126667      0.0010000      0.9850000
 532000.0000000      0.9860000      0.9976667      0.0010000      0.0130000      0.0013333      0.9846667
 533000.0000000      0.9863333      0.9976667      0.0006667      0.0130000      0.0016667      0.9846667
 534000.0000000      0.9866667      0.9983333      0.0006667      0.0126667      0.0010000      0.9856667
 535000.0000000      0.9860000      0.9983333      0.0006667      0.0133333      0.0010000      0.9850000
 536000.0000000      0.9860000      0.9983333      0.0006667      0.0133333      0.0010000      0.9850000
 537000.0000000      0.9850000      0.9980000      0.0010000      0.0140000      0.0010000      0.9840000
 538000.0000000      0.9853333      0.9980000      0.0010000      0.0136667      0.0010000      0.9843333
 539000.0000000      0.9850000      0.9980000      0.0010000      0.0140000      0.0010000      0.9840000
 540000.0000000      0.9836667      0.9980000      0.0010000      0.0153333      0.0010000      0.9826667
 541000.0000000      0.9843333      0.9980000      0.0010000      0.0146667      0.0010000      0.9833333
 542000.0000000      0.9850000      0.9980000      0.0010000      0.0140000      0.0010000      0.9840000
 543000.0000000      0.9853333      0.9980000      0.0010000      0.0136667      0.0010000      0.9843333
 544000.0000000      0.9846667      0.9980000      0.0010000      0.0143333      0.0010000      0.9836667
 545000.0000000      0.9850000      0.9976667      0.0013333      0.0136667      0.0010000      0.9840000
 546000.0000000      0.9853333      0.9976667      0.0010000      0.0136667      0.0013333      0.9840000
 547000.0000000      0.9870000      0.9976667      0.0010000      0.0120000      0.0013333      0.9856667
 548000.0000000      0.9873333      0.9980000      0.0010000      0.0116667      0.0010000      0.9863333
 549000.0000000      0.9860000      0.9983333      0.0010000      0.0130000      0.0006667      0.9853333
 550000.0000000      0.9856667      0.9986667      0.0010000      0.0133333      0.0003333      0.9853333
 551000.0000000      0.9846667      0.9986667      0.0010000      0.0143333      0.0003333      0.9843333
 552000.0000000      0.9843333      0.9986667      0.0010000      0.0146667      0.0003333      0.9840000
 553000.0000000      0.9863333      0.9986667      0.0006667      0.0130000      0.0006667      0.9856667
 554000.0000000      0.9866667      0.9986667      0.0003333      0.0130000      0.0010000      0.9856667
 555000.0000000      0.9873333      0.9986667      0.0003333      0.0123333      0.0010000      0.9863333
 556000.0000000      0.9873333      0.9983333      0.0006667      0.0120000      0.0010000      0.9863333
 557000.0000000      0.9883333      0.9980000      0.0013333      0.0103333      0.0006667      0.9876667
 558000.0000000      0.9886667      0.9983333      0.0013333      0.0100000      0.0003333      0.9883333
 559000.0000000      0.9886667      0.9983333      0.0013333      0.0100000      0.0003333      0.9883333
 560000.0000000      0.9903333      0.9983333      0.0010000      0.0086667      0.0006667      0.9896667
 561000.0000000      0.9896667      0.9983333      0.0010000      0.0093333      0.0006667      0.9890000
 562000.0000000      0.9900000      0.9983333      0.0010000      0.0090000      0.0006667      0.9893333
 563000.0000000      0.9886667      0.9980000      0.0013333      0.0100000      0.0006667      0.9880000
 564000.0000000      0.9886667      0.9980000      0.0013333      0.0100000      0.0006667      0.9880000
 565000.0000000      0.9883333      0.9980000      0.0013333      0.0103333      0.0006667      0.9876667
 566000.0000000      0.9896667      0.9980000      0.0013333      0.0090000      0.0006667      0.9890000
 567000.0000000      0.9900000      0.9976667      0.0016667      0.0083333      0.0006667      0.9893333
 568000.0000000      0.9900000      0.9976667      0.0016667      0.0083333      0.0006667      0.9893333
 569000.0000000      0.9903333      0.9976667      0.0016667      0.0080000      0.0006667      0.9896667
 570000.0000000      0.9896667      0.9980000      0.0016667      0.0086667      0.0003333      0.9893333
 571000.0000000      0.9893333      0.9980000      0.0016667      0.0090000      0.0003333      0.9890000
 572000.0000000      0.9896667      0.9980000      0.0013333      0.0090000      0.0006667      0.9890000
 573000.0000000      0.9903333      0.9980000      0.0010000      0.0086667      0.0010000      0.9893333
 574000.0000000      0.9900000      0.9980000      0.0010000      0.0090000      0.0010000      0.9890000
 575000.0000000      0.9903333      0.9980000      0.0010000      0.0086667      0.0010000      0.9893333
 576000.0000000      0.9890000      0.9976667      0.0013333      0.0096667      0.0010000      0.9880000
 577000.0000000      0.9903333      0.9976667      0.0013333      0.0083333      0.0010000      0.9893333
 578000.0000000      0.9903333      0.9980000      0.0013333      0.0083333      0.0006667      0.9896667
 579000.0000000      0.9910000      0.9983333      0.0013333      0.0076667      0.0003333      0.9906667
 580000.0000000      0.9886667      0.9983333      0.0013333      0.0100000      0.0003333      0.9883333
 581000.0000000      0.9870000      0.9983333      0.0013333      0.0116667      0.0003333      0.9866667
 582000.0000000      0.9863333      0.9983333      0.0013333      0.0123333      0.0003333      0.9860000
 583000.0000000      0.9866667      0.9983333      0.0010000      0.0123333      0.0006667      0.9860000
 584000.0000000      0.9860000      0.9983333      0.0010000      0.0130000      0.0006667      0.9853333
 585000.0000000      0.9856667      0.9983333      0.0010000      0.0133333      0.0006667      0.9850000
 586000.0000000      0.9846667      0.9980000      0.0010000      0.0143333      0.0010000      0.9836667
 587000.0000000      0.9836667      0.9980000      0.0010000      0.0153333      0.0010000      0.9826667
 588000.0000000      0.9823333      0.9980000      0.0010000      0.0166667      0.0010000      0.9813333
 589000.0000000      0.9816667      0.9976667      0.0013333      0.0170000      0.0010000      0.9806667
 590000.0000000      0.9836667      0.9980000      0.0016667      0.0146667      0.0003333      0.9833333
 591000.0000000      0.9846667      0.9980000      0.0016667      0.0136667      0.0003333      0.9843333
 592000.0000000      0.9850000      0.9980000      0.0016667      0.0133333      0.0003333      0.9846667
 593000.0000000      0.9863333      0.9980000      0.0013333      0.0123333      0.0006667      0.9856667
 594000.0000000      0.9876667      0.9980000      0.0013333      0.0110000      0.0006667      0.9870000
 595000.0000000      0.9890000      0.9980000      0.0013333      0.0096667      0.0006667      0.9883333
 596000.0000000      0.9903333      0.9980000      0.0013333      0.0083333      0.0006667      0.9896667
 597000.0000000      0.9903333      0.9980000      0.0013333      0.0083333      0.0006667      0.9896667
 598000.0000000      0.9900000      0.9976667      0.0016667      0.0083333      0.0006667      0.9893333
 599000.0000000      0.9913333      0.9976667      0.0013333      0.0073333      0.0010000      0.9903333
